# JRE version: Java(TM) SE Runtime Environment (17.0.3.1+2) (build 17.0.3.1+2-LTS-6)
# Java VM: Java HotSpot(TM) 64-Bit Server VM (17.0.3.1+2-LTS-6, mixed mode, sharing, tiered, compressed oops, compressed class ptrs, g1 gc, windows-amd64)
GC Precious Log:
 CPUs: 8 total, 8 available
 Memory: 7115M
 Large Page Support: Disabled
 NUMA Support: Disabled
 Compressed Oops: Enabled (32-bit)
 Heap Region Size: 1M
 Heap Min Capacity: 8M
 Heap Initial Capacity: 112M
 Heap Max Capacity: 1780M
 Pre-touch: Disabled
 Parallel Workers: 8
 Concurrent Workers: 2
 Concurrent Refinement Workers: 8
 Periodic GC: Disabled
Heap:
 garbage-first heap   total 108544K, used 71218K [0x0000000090c00000, 0x0000000100000000)
  region size 1024K, 35 young (35840K), 1 survivors (1024K)
 Metaspace       used 74198K, committed 74880K, reserved 1114112K
  class space    used 9848K, committed 10176K, reserved 1048576K
GC Heap History (20 events):
Event: 107.332 GC heap before
{Heap before GC invocations=43 (full 0):
 garbage-first heap   total 78848K, used 67422K [0x0000000090c00000, 0x0000000100000000)
  region size 1024K, 29 young (29696K), 1 survivors (1024K)
 Metaspace       used 74144K, committed 74816K, reserved 1114112K
  class space    used 9845K, committed 10176K, reserved 1048576K
}
Event: 107.335 GC heap after
{Heap after GC invocations=44 (full 0):
 garbage-first heap   total 78848K, used 38718K [0x0000000090c00000, 0x0000000100000000)
  region size 1024K, 1 young (1024K), 1 survivors (1024K)
 Metaspace       used 74144K, committed 74816K, reserved 1114112K
  class space    used 9845K, committed 10176K, reserved 1048576K
}
Event: 107.516 GC heap before
{Heap before GC invocations=44 (full 0):
 garbage-first heap   total 78848K, used 40766K [0x0000000090c00000, 0x0000000100000000)
  region size 1024K, 3 young (3072K), 1 survivors (1024K)
 Metaspace       used 74145K, committed 74816K, reserved 1114112K
  class space    used 9845K, committed 10176K, reserved 1048576K
}
Event: 107.520 GC heap after
{Heap after GC invocations=45 (full 0):
 garbage-first heap   total 78848K, used 38398K [0x0000000090c00000, 0x0000000100000000)
  region size 1024K, 1 young (1024K), 1 survivors (1024K)
 Metaspace       used 74145K, committed 74816K, reserved 1114112K
  class space    used 9845K, committed 10176K, reserved 1048576K
}
Event: 109.223 GC heap before
{Heap before GC invocations=45 (full 0):
 garbage-first heap   total 78848K, used 67070K [0x0000000090c00000, 0x0000000100000000)
  region size 1024K, 29 young (29696K), 1 survivors (1024K)
 Metaspace       used 74154K, committed 74816K, reserved 1114112K
  class space    used 9846K, committed 10176K, reserved 1048576K
}
Event: 109.227 GC heap after
{Heap after GC invocations=46 (full 0):
 garbage-first heap   total 108544K, used 38457K [0x0000000090c00000, 0x0000000100000000)
  region size 1024K, 1 young (1024K), 1 survivors (1024K)
 Metaspace       used 74154K, committed 74816K, reserved 1114112K
  class space    used 9846K, committed 10176K, reserved 1048576K
}
Event: 113.333 GC heap before
{Heap before GC invocations=47 (full 0):
 garbage-first heap   total 108544K, used 92729K [0x0000000090c00000, 0x0000000100000000)
  region size 1024K, 54 young (55296K), 1 survivors (1024K)
 Metaspace       used 74156K, committed 74816K, reserved 1114112K
  class space    used 9846K, committed 10176K, reserved 1048576K
}
Event: 113.336 GC heap after
{Heap after GC invocations=48 (full 0):
 garbage-first heap   total 108544K, used 38410K [0x0000000090c00000, 0x0000000100000000)
  region size 1024K, 1 young (1024K), 1 survivors (1024K)
 Metaspace       used 74156K, committed 74816K, reserved 1114112K
  class space    used 9846K, committed 10176K, reserved 1048576K
}
Event: 116.233 GC heap before
{Heap before GC invocations=48 (full 0):
 garbage-first heap   total 108544K, used 92682K [0x0000000090c00000, 0x0000000100000000)
  region size 1024K, 54 young (55296K), 1 survivors (1024K)
 Metaspace       used 74156K, committed 74816K, reserved 1114112K
  class space    used 9846K, committed 10176K, reserved 1048576K
}
Event: 116.236 GC heap after
{Heap after GC invocations=49 (full 0):
 garbage-first heap   total 108544K, used 38415K [0x0000000090c00000, 0x0000000100000000)
  region size 1024K, 1 young (1024K), 1 survivors (1024K)
 Metaspace       used 74156K, committed 74816K, reserved 1114112K
  class space    used 9846K, committed 10176K, reserved 1048576K
}
Event: 119.138 GC heap before
{Heap before GC invocations=50 (full 0):
 garbage-first heap   total 108544K, used 93711K [0x0000000090c00000, 0x0000000100000000)
  region size 1024K, 55 young (56320K), 1 survivors (1024K)
 Metaspace       used 74156K, committed 74816K, reserved 1114112K
  class space    used 9846K, committed 10176K, reserved 1048576K
}
Event: 119.140 GC heap after
{Heap after GC invocations=51 (full 0):
 garbage-first heap   total 108544K, used 38460K [0x0000000090c00000, 0x0000000100000000)
  region size 1024K, 1 young (1024K), 1 survivors (1024K)
 Metaspace       used 74156K, committed 74816K, reserved 1114112K
  class space    used 9846K, committed 10176K, reserved 1048576K
}
Event: 123.823 GC heap before
{Heap before GC invocations=51 (full 0):
 garbage-first heap   total 108544K, used 93756K [0x0000000090c00000, 0x0000000100000000)
  region size 1024K, 55 young (56320K), 1 survivors (1024K)
 Metaspace       used 74181K, committed 74816K, reserved 1114112K
  class space    used 9846K, committed 10176K, reserved 1048576K
}
Event: 123.826 GC heap after
{Heap after GC invocations=52 (full 0):
 garbage-first heap   total 108544K, used 38422K [0x0000000090c00000, 0x0000000100000000)
  region size 1024K, 1 young (1024K), 1 survivors (1024K)
 Metaspace       used 74181K, committed 74816K, reserved 1114112K
  class space    used 9846K, committed 10176K, reserved 1048576K
}
Event: 128.597 GC heap before
{Heap before GC invocations=53 (full 0):
 garbage-first heap   total 108544K, used 93718K [0x0000000090c00000, 0x0000000100000000)
  region size 1024K, 55 young (56320K), 1 survivors (1024K)
 Metaspace       used 74181K, committed 74816K, reserved 1114112K
  class space    used 9846K, committed 10176K, reserved 1048576K
}
Event: 128.599 GC heap after
{Heap after GC invocations=54 (full 0):
 garbage-first heap   total 108544K, used 38432K [0x0000000090c00000, 0x0000000100000000)
  region size 1024K, 1 young (1024K), 1 survivors (1024K)
 Metaspace       used 74181K, committed 74816K, reserved 1114112K
  class space    used 9846K, committed 10176K, reserved 1048576K
}
Event: 133.451 GC heap before
{Heap before GC invocations=54 (full 0):
 garbage-first heap   total 108544K, used 93728K [0x0000000090c00000, 0x0000000100000000)
  region size 1024K, 55 young (56320K), 1 survivors (1024K)
 Metaspace       used 74182K, committed 74816K, reserved 1114112K
  class space    used 9846K, committed 10176K, reserved 1048576K
}
Event: 133.454 GC heap after
{Heap after GC invocations=55 (full 0):
 garbage-first heap   total 108544K, used 38442K [0x0000000090c00000, 0x0000000100000000)
  region size 1024K, 1 young (1024K), 1 survivors (1024K)
 Metaspace       used 74182K, committed 74816K, reserved 1114112K
  class space    used 9846K, committed 10176K, reserved 1048576K
}
Event: 135.807 GC heap before
{Heap before GC invocations=56 (full 0):
 garbage-first heap   total 108544K, used 93738K [0x0000000090c00000, 0x0000000100000000)
  region size 1024K, 55 young (56320K), 1 survivors (1024K)
 Metaspace       used 74198K, committed 74880K, reserved 1114112K
  class space    used 9848K, committed 10176K, reserved 1048576K
}
Event: 135.811 GC heap after
{Heap after GC invocations=57 (full 0):
 garbage-first heap   total 108544K, used 38450K [0x0000000090c00000, 0x0000000100000000)
  region size 1024K, 1 young (1024K), 1 survivors (1024K)
 Metaspace       used 74198K, committed 74880K, reserved 1114112K
  class space    used 9848K, committed 10176K, reserved 1048576K
}

