# JRE version: Java(TM) SE Runtime Environment (17.0.3.1+2) (build 17.0.3.1+2-LTS-6)
# Java VM: Java HotSpot(TM) 64-Bit Server VM (17.0.3.1+2-LTS-6, mixed mode, sharing, tiered, compressed oops, compressed class ptrs, g1 gc, windows-amd64)
GC Precious Log:
 CPUs: 8 total, 8 available
 Memory: 7115M
 Large Page Support: Disabled
 NUMA Support: Disabled
 Compressed Oops: Enabled (32-bit)
 Heap Region Size: 1M
 Heap Min Capacity: 8M
 Heap Initial Capacity: 112M
 Heap Max Capacity: 1780M
 Pre-touch: Disabled
 Parallel Workers: 8
 Concurrent Workers: 2
 Concurrent Refinement Workers: 8
 Periodic GC: Disabled
Heap:
 garbage-first heap   total 84992K, used 65683K [0x0000000090c00000, 0x0000000100000000)
  region size 1024K, 29 young (29696K), 1 survivors (1024K)
 Metaspace       used 73598K, committed 74240K, reserved 1114112K
  class space    used 9730K, committed 10048K, reserved 1048576K
GC Heap History (20 events):
Event: 53.334 GC heap before
{Heap before GC invocations=43 (full 0):
 garbage-first heap   total 84992K, used 71784K [0x0000000090c00000, 0x0000000100000000)
  region size 1024K, 34 young (34816K), 1 survivors (1024K)
 Metaspace       used 73563K, committed 74176K, reserved 1114112K
  class space    used 9730K, committed 10048K, reserved 1048576K
}
Event: 53.336 GC heap after
{Heap after GC invocations=44 (full 0):
 garbage-first heap   total 84992K, used 37968K [0x0000000090c00000, 0x0000000100000000)
  region size 1024K, 1 young (1024K), 1 survivors (1024K)
 Metaspace       used 73563K, committed 74176K, reserved 1114112K
  class space    used 9730K, committed 10048K, reserved 1048576K
}
Event: 55.312 GC heap before
{Heap before GC invocations=44 (full 0):
 garbage-first heap   total 84992K, used 72784K [0x0000000090c00000, 0x0000000100000000)
  region size 1024K, 35 young (35840K), 1 survivors (1024K)
 Metaspace       used 73563K, committed 74176K, reserved 1114112K
  class space    used 9730K, committed 10048K, reserved 1048576K
}
Event: 55.314 GC heap after
{Heap after GC invocations=45 (full 0):
 garbage-first heap   total 84992K, used 37911K [0x0000000090c00000, 0x0000000100000000)
  region size 1024K, 1 young (1024K), 1 survivors (1024K)
 Metaspace       used 73563K, committed 74176K, reserved 1114112K
  class space    used 9730K, committed 10048K, reserved 1048576K
}
Event: 57.052 GC heap before
{Heap before GC invocations=45 (full 0):
 garbage-first heap   total 84992K, used 72727K [0x0000000090c00000, 0x0000000100000000)
  region size 1024K, 35 young (35840K), 1 survivors (1024K)
 Metaspace       used 73563K, committed 74176K, reserved 1114112K
  class space    used 9730K, committed 10048K, reserved 1048576K
}
Event: 57.055 GC heap after
{Heap after GC invocations=46 (full 0):
 garbage-first heap   total 84992K, used 38004K [0x0000000090c00000, 0x0000000100000000)
  region size 1024K, 1 young (1024K), 1 survivors (1024K)
 Metaspace       used 73563K, committed 74176K, reserved 1114112K
  class space    used 9730K, committed 10048K, reserved 1048576K
}
Event: 58.751 GC heap before
{Heap before GC invocations=46 (full 0):
 garbage-first heap   total 84992K, used 71796K [0x0000000090c00000, 0x0000000100000000)
  region size 1024K, 35 young (35840K), 1 survivors (1024K)
 Metaspace       used 73564K, committed 74176K, reserved 1114112K
  class space    used 9730K, committed 10048K, reserved 1048576K
}
Event: 58.754 GC heap after
{Heap after GC invocations=47 (full 0):
 garbage-first heap   total 84992K, used 37948K [0x0000000090c00000, 0x0000000100000000)
  region size 1024K, 1 young (1024K), 1 survivors (1024K)
 Metaspace       used 73564K, committed 74176K, reserved 1114112K
  class space    used 9730K, committed 10048K, reserved 1048576K
}
Event: 60.924 GC heap before
{Heap before GC invocations=47 (full 0):
 garbage-first heap   total 84992K, used 72764K [0x0000000090c00000, 0x0000000100000000)
  region size 1024K, 35 young (35840K), 1 survivors (1024K)
 Metaspace       used 73564K, committed 74176K, reserved 1114112K
  class space    used 9730K, committed 10048K, reserved 1048576K
}
Event: 60.926 GC heap after
{Heap after GC invocations=48 (full 0):
 garbage-first heap   total 84992K, used 37919K [0x0000000090c00000, 0x0000000100000000)
  region size 1024K, 1 young (1024K), 1 survivors (1024K)
 Metaspace       used 73564K, committed 74176K, reserved 1114112K
  class space    used 9730K, committed 10048K, reserved 1048576K
}
Event: 62.990 GC heap before
{Heap before GC invocations=48 (full 0):
 garbage-first heap   total 84992K, used 73759K [0x0000000090c00000, 0x0000000100000000)
  region size 1024K, 36 young (36864K), 1 survivors (1024K)
 Metaspace       used 73565K, committed 74176K, reserved 1114112K
  class space    used 9730K, committed 10048K, reserved 1048576K
}
Event: 62.992 GC heap after
{Heap after GC invocations=49 (full 0):
 garbage-first heap   total 84992K, used 37995K [0x0000000090c00000, 0x0000000100000000)
  region size 1024K, 1 young (1024K), 1 survivors (1024K)
 Metaspace       used 73565K, committed 74176K, reserved 1114112K
  class space    used 9730K, committed 10048K, reserved 1048576K
}
Event: 65.378 GC heap before
{Heap before GC invocations=49 (full 0):
 garbage-first heap   total 84992K, used 73835K [0x0000000090c00000, 0x0000000100000000)
  region size 1024K, 36 young (36864K), 1 survivors (1024K)
 Metaspace       used 73586K, committed 74240K, reserved 1114112K
  class space    used 9730K, committed 10048K, reserved 1048576K
}
Event: 65.380 GC heap after
{Heap after GC invocations=50 (full 0):
 garbage-first heap   total 84992K, used 38014K [0x0000000090c00000, 0x0000000100000000)
  region size 1024K, 1 young (1024K), 1 survivors (1024K)
 Metaspace       used 73586K, committed 74240K, reserved 1114112K
  class space    used 9730K, committed 10048K, reserved 1048576K
}
Event: 67.620 GC heap before
{Heap before GC invocations=50 (full 0):
 garbage-first heap   total 84992K, used 73854K [0x0000000090c00000, 0x0000000100000000)
  region size 1024K, 36 young (36864K), 1 survivors (1024K)
 Metaspace       used 73591K, committed 74240K, reserved 1114112K
  class space    used 9730K, committed 10048K, reserved 1048576K
}
Event: 67.624 GC heap after
{Heap after GC invocations=51 (full 0):
 garbage-first heap   total 84992K, used 38015K [0x0000000090c00000, 0x0000000100000000)
  region size 1024K, 1 young (1024K), 1 survivors (1024K)
 Metaspace       used 73591K, committed 74240K, reserved 1114112K
  class space    used 9730K, committed 10048K, reserved 1048576K
}
Event: 69.840 GC heap before
{Heap before GC invocations=51 (full 0):
 garbage-first heap   total 84992K, used 73855K [0x0000000090c00000, 0x0000000100000000)
  region size 1024K, 36 young (36864K), 1 survivors (1024K)
 Metaspace       used 73593K, committed 74240K, reserved 1114112K
  class space    used 9730K, committed 10048K, reserved 1048576K
}
Event: 69.843 GC heap after
{Heap after GC invocations=52 (full 0):
 garbage-first heap   total 84992K, used 38032K [0x0000000090c00000, 0x0000000100000000)
  region size 1024K, 1 young (1024K), 1 survivors (1024K)
 Metaspace       used 73593K, committed 74240K, reserved 1114112K
  class space    used 9730K, committed 10048K, reserved 1048576K
}
Event: 72.059 GC heap before
{Heap before GC invocations=52 (full 0):
 garbage-first heap   total 84992K, used 73872K [0x0000000090c00000, 0x0000000100000000)
  region size 1024K, 36 young (36864K), 1 survivors (1024K)
 Metaspace       used 73598K, committed 74240K, reserved 1114112K
  class space    used 9730K, committed 10048K, reserved 1048576K
}
Event: 72.062 GC heap after
{Heap after GC invocations=53 (full 0):
 garbage-first heap   total 84992K, used 38035K [0x0000000090c00000, 0x0000000100000000)
  region size 1024K, 1 young (1024K), 1 survivors (1024K)
 Metaspace       used 73598K, committed 74240K, reserved 1114112K
  class space    used 9730K, committed 10048K, reserved 1048576K
}

