# JRE version: Java(TM) SE Runtime Environment (17.0.3.1+2) (build 17.0.3.1+2-LTS-6)
# Java VM: Java HotSpot(TM) 64-Bit Server VM (17.0.3.1+2-LTS-6, mixed mode, sharing, tiered, compressed oops, compressed class ptrs, g1 gc, windows-amd64)
GC Precious Log:
 CPUs: 8 total, 8 available
 Memory: 7115M
 Large Page Support: Disabled
 NUMA Support: Disabled
 Compressed Oops: Enabled (32-bit)
 Heap Region Size: 1M
 Heap Min Capacity: 8M
 Heap Initial Capacity: 112M
 Heap Max Capacity: 1780M
 Pre-touch: Disabled
 Parallel Workers: 8
 Concurrent Workers: 2
 Concurrent Refinement Workers: 8
 Periodic GC: Disabled
Heap:
 garbage-first heap   total 71680K, used 61299K [0x0000000090c00000, 0x0000000100000000)
  region size 1024K, 24 young (24576K), 1 survivors (1024K)
 Metaspace       used 74409K, committed 75072K, reserved 1114112K
  class space    used 9845K, committed 10176K, reserved 1048576K
GC Heap History (20 events):
Event: 387.241 GC heap before
{Heap before GC invocations=57 (full 0):
 garbage-first heap   total 70656K, used 40992K [0x0000000090c00000, 0x0000000100000000)
  region size 1024K, 3 young (3072K), 1 survivors (1024K)
 Metaspace       used 74387K, committed 75008K, reserved 1114112K
  class space    used 9843K, committed 10176K, reserved 1048576K
}
Event: 387.249 GC heap after
{Heap after GC invocations=58 (full 0):
 garbage-first heap   total 70656K, used 38758K [0x0000000090c00000, 0x0000000100000000)
  region size 1024K, 1 young (1024K), 1 survivors (1024K)
 Metaspace       used 74387K, committed 75008K, reserved 1114112K
  class space    used 9843K, committed 10176K, reserved 1048576K
}
Event: 388.978 GC heap before
{Heap before GC invocations=58 (full 0):
 garbage-first heap   total 70656K, used 61286K [0x0000000090c00000, 0x0000000100000000)
  region size 1024K, 23 young (23552K), 1 survivors (1024K)
 Metaspace       used 74387K, committed 75008K, reserved 1114112K
  class space    used 9843K, committed 10176K, reserved 1048576K
}
Event: 388.981 GC heap after
{Heap after GC invocations=59 (full 0):
 garbage-first heap   total 70656K, used 38757K [0x0000000090c00000, 0x0000000100000000)
  region size 1024K, 1 young (1024K), 1 survivors (1024K)
 Metaspace       used 74387K, committed 75008K, reserved 1114112K
  class space    used 9843K, committed 10176K, reserved 1048576K
}
Event: 390.061 GC heap before
{Heap before GC invocations=60 (full 0):
 garbage-first heap   total 71680K, used 61285K [0x0000000090c00000, 0x0000000100000000)
  region size 1024K, 23 young (23552K), 1 survivors (1024K)
 Metaspace       used 74387K, committed 75008K, reserved 1114112K
  class space    used 9843K, committed 10176K, reserved 1048576K
}
Event: 390.065 GC heap after
{Heap after GC invocations=61 (full 0):
 garbage-first heap   total 71680K, used 38758K [0x0000000090c00000, 0x0000000100000000)
  region size 1024K, 1 young (1024K), 1 survivors (1024K)
 Metaspace       used 74387K, committed 75008K, reserved 1114112K
  class space    used 9843K, committed 10176K, reserved 1048576K
}
Event: 391.136 GC heap before
{Heap before GC invocations=61 (full 0):
 garbage-first heap   total 71680K, used 62310K [0x0000000090c00000, 0x0000000100000000)
  region size 1024K, 24 young (24576K), 1 survivors (1024K)
 Metaspace       used 74387K, committed 75008K, reserved 1114112K
  class space    used 9843K, committed 10176K, reserved 1048576K
}
Event: 391.139 GC heap after
{Heap after GC invocations=62 (full 0):
 garbage-first heap   total 71680K, used 38771K [0x0000000090c00000, 0x0000000100000000)
  region size 1024K, 1 young (1024K), 1 survivors (1024K)
 Metaspace       used 74387K, committed 75008K, reserved 1114112K
  class space    used 9843K, committed 10176K, reserved 1048576K
}
Event: 392.526 GC heap before
{Heap before GC invocations=63 (full 0):
 garbage-first heap   total 71680K, used 62323K [0x0000000090c00000, 0x0000000100000000)
  region size 1024K, 24 young (24576K), 1 survivors (1024K)
 Metaspace       used 74387K, committed 75008K, reserved 1114112K
  class space    used 9843K, committed 10176K, reserved 1048576K
}
Event: 392.528 GC heap after
{Heap after GC invocations=64 (full 0):
 garbage-first heap   total 71680K, used 38778K [0x0000000090c00000, 0x0000000100000000)
  region size 1024K, 1 young (1024K), 1 survivors (1024K)
 Metaspace       used 74387K, committed 75008K, reserved 1114112K
  class space    used 9843K, committed 10176K, reserved 1048576K
}
Event: 394.642 GC heap before
{Heap before GC invocations=64 (full 0):
 garbage-first heap   total 71680K, used 62330K [0x0000000090c00000, 0x0000000100000000)
  region size 1024K, 24 young (24576K), 1 survivors (1024K)
 Metaspace       used 74387K, committed 75008K, reserved 1114112K
  class space    used 9843K, committed 10176K, reserved 1048576K
}
Event: 394.644 GC heap after
{Heap after GC invocations=65 (full 0):
 garbage-first heap   total 71680K, used 38826K [0x0000000090c00000, 0x0000000100000000)
  region size 1024K, 1 young (1024K), 1 survivors (1024K)
 Metaspace       used 74387K, committed 75008K, reserved 1114112K
  class space    used 9843K, committed 10176K, reserved 1048576K
}
Event: 396.961 GC heap before
{Heap before GC invocations=66 (full 0):
 garbage-first heap   total 71680K, used 62378K [0x0000000090c00000, 0x0000000100000000)
  region size 1024K, 24 young (24576K), 1 survivors (1024K)
 Metaspace       used 74391K, committed 75008K, reserved 1114112K
  class space    used 9843K, committed 10176K, reserved 1048576K
}
Event: 396.963 GC heap after
{Heap after GC invocations=67 (full 0):
 garbage-first heap   total 71680K, used 38733K [0x0000000090c00000, 0x0000000100000000)
  region size 1024K, 1 young (1024K), 1 survivors (1024K)
 Metaspace       used 74391K, committed 75008K, reserved 1114112K
  class space    used 9843K, committed 10176K, reserved 1048576K
}
Event: 399.740 GC heap before
{Heap before GC invocations=67 (full 0):
 garbage-first heap   total 71680K, used 62285K [0x0000000090c00000, 0x0000000100000000)
  region size 1024K, 24 young (24576K), 1 survivors (1024K)
 Metaspace       used 74391K, committed 75008K, reserved 1114112K
  class space    used 9843K, committed 10176K, reserved 1048576K
}
Event: 399.743 GC heap after
{Heap after GC invocations=68 (full 0):
 garbage-first heap   total 71680K, used 38784K [0x0000000090c00000, 0x0000000100000000)
  region size 1024K, 1 young (1024K), 1 survivors (1024K)
 Metaspace       used 74391K, committed 75008K, reserved 1114112K
  class space    used 9843K, committed 10176K, reserved 1048576K
}
Event: 402.367 GC heap before
{Heap before GC invocations=69 (full 0):
 garbage-first heap   total 71680K, used 62336K [0x0000000090c00000, 0x0000000100000000)
  region size 1024K, 24 young (24576K), 1 survivors (1024K)
 Metaspace       used 74396K, committed 75008K, reserved 1114112K
  class space    used 9844K, committed 10176K, reserved 1048576K
}
Event: 402.369 GC heap after
{Heap after GC invocations=70 (full 0):
 garbage-first heap   total 71680K, used 38800K [0x0000000090c00000, 0x0000000100000000)
  region size 1024K, 1 young (1024K), 1 survivors (1024K)
 Metaspace       used 74396K, committed 75008K, reserved 1114112K
  class space    used 9844K, committed 10176K, reserved 1048576K
}
Event: 406.142 GC heap before
{Heap before GC invocations=70 (full 0):
 garbage-first heap   total 71680K, used 62352K [0x0000000090c00000, 0x0000000100000000)
  region size 1024K, 24 young (24576K), 1 survivors (1024K)
 Metaspace       used 74397K, committed 75008K, reserved 1114112K
  class space    used 9844K, committed 10176K, reserved 1048576K
}
Event: 406.144 GC heap after
{Heap after GC invocations=71 (full 0):
 garbage-first heap   total 71680K, used 38771K [0x0000000090c00000, 0x0000000100000000)
  region size 1024K, 1 young (1024K), 1 survivors (1024K)
 Metaspace       used 74397K, committed 75008K, reserved 1114112K
  class space    used 9844K, committed 10176K, reserved 1048576K
}

