# JRE version: Java(TM) SE Runtime Environment (17.0.3.1+2) (build 17.0.3.1+2-LTS-6)
# Java VM: Java HotSpot(TM) 64-Bit Server VM (17.0.3.1+2-LTS-6, mixed mode, sharing, tiered, compressed oops, compressed class ptrs, g1 gc, windows-amd64)
GC Precious Log:
 CPUs: 8 total, 8 available
 Memory: 7115M
 Large Page Support: Disabled
 NUMA Support: Disabled
 Compressed Oops: Enabled (32-bit)
 Heap Region Size: 1M
 Heap Min Capacity: 8M
 Heap Initial Capacity: 112M
 Heap Max Capacity: 1780M
 Pre-touch: Disabled
 Parallel Workers: 8
 Concurrent Workers: 2
 Concurrent Refinement Workers: 8
 Periodic GC: Disabled
Heap:
 garbage-first heap   total 79872K, used 42648K [0x0000000090c00000, 0x0000000100000000)
  region size 1024K, 5 young (5120K), 1 survivors (1024K)
 Metaspace       used 73590K, committed 74176K, reserved 1114112K
  class space    used 9747K, committed 10048K, reserved 1048576K
GC Heap History (20 events):
Event: 333.282 GC heap before
{Heap before GC invocations=54 (full 0):
 garbage-first heap   total 79872K, used 69141K [0x0000000090c00000, 0x0000000100000000)
  region size 1024K, 31 young (31744K), 2 survivors (2048K)
 Metaspace       used 73543K, committed 74176K, reserved 1114112K
  class space    used 9746K, committed 10048K, reserved 1048576K
}
Event: 333.293 GC heap after
{Heap after GC invocations=55 (full 0):
 garbage-first heap   total 79872K, used 39418K [0x0000000090c00000, 0x0000000100000000)
  region size 1024K, 2 young (2048K), 2 survivors (2048K)
 Metaspace       used 73543K, committed 74176K, reserved 1114112K
  class space    used 9746K, committed 10048K, reserved 1048576K
}
Event: 334.719 GC heap before
{Heap before GC invocations=55 (full 0):
 garbage-first heap   total 79872K, used 68090K [0x0000000090c00000, 0x0000000100000000)
  region size 1024K, 30 young (30720K), 2 survivors (2048K)
 Metaspace       used 73543K, committed 74176K, reserved 1114112K
  class space    used 9746K, committed 10048K, reserved 1048576K
}
Event: 334.723 GC heap after
{Heap after GC invocations=56 (full 0):
 garbage-first heap   total 79872K, used 39435K [0x0000000090c00000, 0x0000000100000000)
  region size 1024K, 2 young (2048K), 2 survivors (2048K)
 Metaspace       used 73543K, committed 74176K, reserved 1114112K
  class space    used 9746K, committed 10048K, reserved 1048576K
}
Event: 336.166 GC heap before
{Heap before GC invocations=57 (full 0):
 garbage-first heap   total 79872K, used 68107K [0x0000000090c00000, 0x0000000100000000)
  region size 1024K, 30 young (30720K), 2 survivors (2048K)
 Metaspace       used 73543K, committed 74176K, reserved 1114112K
  class space    used 9746K, committed 10048K, reserved 1048576K
}
Event: 336.170 GC heap after
{Heap after GC invocations=58 (full 0):
 garbage-first heap   total 79872K, used 39350K [0x0000000090c00000, 0x0000000100000000)
  region size 1024K, 2 young (2048K), 2 survivors (2048K)
 Metaspace       used 73543K, committed 74176K, reserved 1114112K
  class space    used 9746K, committed 10048K, reserved 1048576K
}
Event: 337.720 GC heap before
{Heap before GC invocations=58 (full 0):
 garbage-first heap   total 79872K, used 68022K [0x0000000090c00000, 0x0000000100000000)
  region size 1024K, 30 young (30720K), 2 survivors (2048K)
 Metaspace       used 73543K, committed 74176K, reserved 1114112K
  class space    used 9746K, committed 10048K, reserved 1048576K
}
Event: 337.764 GC heap after
{Heap after GC invocations=59 (full 0):
 garbage-first heap   total 79872K, used 39510K [0x0000000090c00000, 0x0000000100000000)
  region size 1024K, 1 young (1024K), 1 survivors (1024K)
 Metaspace       used 73543K, committed 74176K, reserved 1114112K
  class space    used 9746K, committed 10048K, reserved 1048576K
}
Event: 338.905 GC heap before
{Heap before GC invocations=60 (full 0):
 garbage-first heap   total 79872K, used 69206K [0x0000000090c00000, 0x0000000100000000)
  region size 1024K, 30 young (30720K), 1 survivors (1024K)
 Metaspace       used 73555K, committed 74176K, reserved 1114112K
  class space    used 9746K, committed 10048K, reserved 1048576K
}
Event: 338.908 GC heap after
{Heap after GC invocations=61 (full 0):
 garbage-first heap   total 79872K, used 39536K [0x0000000090c00000, 0x0000000100000000)
  region size 1024K, 1 young (1024K), 1 survivors (1024K)
 Metaspace       used 73555K, committed 74176K, reserved 1114112K
  class space    used 9746K, committed 10048K, reserved 1048576K
}
Event: 340.738 GC heap before
{Heap before GC invocations=61 (full 0):
 garbage-first heap   total 79872K, used 69232K [0x0000000090c00000, 0x0000000100000000)
  region size 1024K, 30 young (30720K), 1 survivors (1024K)
 Metaspace       used 73555K, committed 74176K, reserved 1114112K
  class space    used 9746K, committed 10048K, reserved 1048576K
}
Event: 340.741 GC heap after
{Heap after GC invocations=62 (full 0):
 garbage-first heap   total 79872K, used 39489K [0x0000000090c00000, 0x0000000100000000)
  region size 1024K, 1 young (1024K), 1 survivors (1024K)
 Metaspace       used 73555K, committed 74176K, reserved 1114112K
  class space    used 9746K, committed 10048K, reserved 1048576K
}
Event: 343.245 GC heap before
{Heap before GC invocations=63 (full 0):
 garbage-first heap   total 79872K, used 69185K [0x0000000090c00000, 0x0000000100000000)
  region size 1024K, 30 young (30720K), 1 survivors (1024K)
 Metaspace       used 73577K, committed 74176K, reserved 1114112K
  class space    used 9746K, committed 10048K, reserved 1048576K
}
Event: 343.248 GC heap after
{Heap after GC invocations=64 (full 0):
 garbage-first heap   total 79872K, used 39483K [0x0000000090c00000, 0x0000000100000000)
  region size 1024K, 1 young (1024K), 1 survivors (1024K)
 Metaspace       used 73577K, committed 74176K, reserved 1114112K
  class space    used 9746K, committed 10048K, reserved 1048576K
}
Event: 345.477 GC heap before
{Heap before GC invocations=64 (full 0):
 garbage-first heap   total 79872K, used 69179K [0x0000000090c00000, 0x0000000100000000)
  region size 1024K, 30 young (30720K), 1 survivors (1024K)
 Metaspace       used 73586K, committed 74176K, reserved 1114112K
  class space    used 9747K, committed 10048K, reserved 1048576K
}
Event: 345.491 GC heap after
{Heap after GC invocations=65 (full 0):
 garbage-first heap   total 79872K, used 39510K [0x0000000090c00000, 0x0000000100000000)
  region size 1024K, 1 young (1024K), 1 survivors (1024K)
 Metaspace       used 73586K, committed 74176K, reserved 1114112K
  class space    used 9747K, committed 10048K, reserved 1048576K
}
Event: 347.671 GC heap before
{Heap before GC invocations=66 (full 0):
 garbage-first heap   total 79872K, used 69206K [0x0000000090c00000, 0x0000000100000000)
  region size 1024K, 30 young (30720K), 1 survivors (1024K)
 Metaspace       used 73590K, committed 74176K, reserved 1114112K
  class space    used 9747K, committed 10048K, reserved 1048576K
}
Event: 347.672 GC heap after
{Heap after GC invocations=67 (full 0):
 garbage-first heap   total 79872K, used 39516K [0x0000000090c00000, 0x0000000100000000)
  region size 1024K, 1 young (1024K), 1 survivors (1024K)
 Metaspace       used 73590K, committed 74176K, reserved 1114112K
  class space    used 9747K, committed 10048K, reserved 1048576K
}
Event: 349.691 GC heap before
{Heap before GC invocations=67 (full 0):
 garbage-first heap   total 79872K, used 69212K [0x0000000090c00000, 0x0000000100000000)
  region size 1024K, 30 young (30720K), 1 survivors (1024K)
 Metaspace       used 73590K, committed 74176K, reserved 1114112K
  class space    used 9747K, committed 10048K, reserved 1048576K
}
Event: 349.694 GC heap after
{Heap after GC invocations=68 (full 0):
 garbage-first heap   total 79872K, used 39576K [0x0000000090c00000, 0x0000000100000000)
  region size 1024K, 1 young (1024K), 1 survivors (1024K)
 Metaspace       used 73590K, committed 74176K, reserved 1114112K
  class space    used 9747K, committed 10048K, reserved 1048576K
}

